C731 .START (2018-07-25 17:28:21) phpCAS-1.3.5 ****************** [CAS.php:468]
C731 .=> phpCAS::setNoCasServerValidation() [DefaultController.php:2931]
C731 .|    You have configured no validation of the legitimacy of the cas server. This is not recommended for production use. [CAS.php:1644]
C731 .<= ''
C731 .=> phpCAS::forceAuthentication() [DefaultController.php:2932]
C731 .|    => CAS_Client::forceAuthentication() [CAS.php:1098]
C731 .|    |    => CAS_Client::isAuthenticated() [Client.php:1280]
C731 .|    |    |    => CAS_Client::_wasPreviouslyAuthenticated() [Client.php:1393]
C731 .|    |    |    |    no user found [Client.php:1635]
C731 .|    |    |    <= false
C731 .|    |    |    no ticket found [Client.php:1494]
C731 .|    |    <= false
C731 .|    |    => CAS_Client::redirectToCas(false) [Client.php:1289]
C731 .|    |    |    => CAS_Client::getServerLoginURL(false, false) [Client.php:1656]
C731 .|    |    |    |    => CAS_Client::getURL() [Client.php:342]
C731 .|    |    |    |    |    Final URI: http://localhost:7070/controlacCAS/web/app_dev.php/ [Client.php:3548]
C731 .|    |    |    |    <= 'http://localhost:7070/controlacCAS/web/app_dev.php/'
C731 .|    |    |    <= 'https://auth.espol.edu.ec/login?service=http%3A%2F%2Flocalhost%3A7070%2FcontrolacCAS%2Fweb%2Fapp_dev.php%2F'
C731 .|    |    |    Redirect to : https://auth.espol.edu.ec/login?service=http%3A%2F%2Flocalhost%3A7070%2FcontrolacCAS%2Fweb%2Fapp_dev.php%2F [Client.php:1663]
C731 .|    |    |    exit()
C731 .|    |    |    -
C731 .|    |    -
C731 .|    -
0793 .START (2018-07-25 17:28:22) phpCAS-1.3.5 ****************** [CAS.php:468]
0793 .=> phpCAS::setNoCasServerValidation() [DefaultController.php:2931]
0793 .|    You have configured no validation of the legitimacy of the cas server. This is not recommended for production use. [CAS.php:1644]
0793 .<= ''
0793 .=> phpCAS::forceAuthentication() [DefaultController.php:2932]
0793 .|    => CAS_Client::forceAuthentication() [CAS.php:1098]
0793 .|    |    => CAS_Client::isAuthenticated() [Client.php:1280]
0793 .|    |    |    => CAS_Client::_wasPreviouslyAuthenticated() [Client.php:1393]
0793 .|    |    |    |    no user found [Client.php:1635]
0793 .|    |    |    <= false
0793 .|    |    |    CAS 2.0 ticket `ST-226451-nIDWXbuwTcoHmD1ksQz6-auth.espol.edu.ec' is present [Client.php:1447]
0793 .|    |    |    => CAS_Client::validateCAS20('', NULL, NULL, false) [Client.php:1450]
0793 .|    |    |    |     [Client.php:3169]
0793 .|    |    |    |    => CAS_Client::getServerServiceValidateURL() [Client.php:3176]
0793 .|    |    |    |    |    => CAS_Client::getURL() [Client.php:453]
0793 .|    |    |    |    |    |    Final URI: http://localhost:7070/controlacCAS/web/app_dev.php/ [Client.php:3548]
0793 .|    |    |    |    |    <= 'http://localhost:7070/controlacCAS/web/app_dev.php/'
0793 .|    |    |    |    <= 'https://auth.espol.edu.ec/serviceValidate?service=http%3A%2F%2Flocalhost%3A7070%2FcontrolacCAS%2Fweb%2Fapp_dev.php%2F'
0793 .|    |    |    |    => CAS_Client::_readURL('https://auth.espol.edu.ec/serviceValidate?service=http%3A%2F%2Flocalhost%3A7070%2FcontrolacCAS%2Fweb%2Fapp_dev.php%2F&ticket=ST-226451-nIDWXbuwTcoHmD1ksQz6-auth.espol.edu.ec', NULL, NULL, NULL) [Client.php:3191]
0793 .|    |    |    |    |    => CAS_Request_CurlRequest::sendRequest() [AbstractRequest.php:242]
0793 .|    |    |    |    |    |    Response Body: 
0793 .|    |    |    |    |    |    
0793 .|    |    |    |    |    |    
0793 .|    |    |    |    |    |    
0793 .|    |    |    |    |    |    
0793 .|    |    |    |    |    |    <cas:serviceResponse xmlns:cas='http://www.yale.edu/tp/cas'>
0793 .|    |    |    |    |    |    	<cas:authenticationSuccess>
0793 .|    |    |    |    |    |    		<cas:user>lufezuni</cas:user>
0793 .|    |    |    |    |    |    
0793 .|    |    |    |    |    |    
0793 .|    |    |    |    |    |    	</cas:authenticationSuccess>
0793 .|    |    |    |    |    |    </cas:serviceResponse>
0793 .|    |    |    |    |    |     [CurlRequest.php:84]
0793 .|    |    |    |    |    <= true
0793 .|    |    |    |    <= true
0793 .|    |    |    |    => CAS_Client::_readExtraAttributesCas20(DOMNodeList) [Client.php:3261]
0793 .|    |    |    |    |    Testing for rubycas style attributes [Client.php:3376]
0793 .|    |    |    |    <= ''
0793 .|    |    |    |    Storing Proxy List [Client.php:3270]
0793 .|    |    |    |    => CAS_ProxyChain_AllowedList::isProxyListAllowed(array ()) [Client.php:3273]
0793 .|    |    |    |    |    No proxies were found in the response [AllowedList.php:81]
0793 .|    |    |    |    <= true
0793 .|    |    |    |    => CAS_Client::_renameSession('ST-226451-nIDWXbuwTcoHmD1ksQz6-auth.espol.edu.ec') [Client.php:3293]
0793 .|    |    |    |    |    Killing session: p63cuc4cjcqk2loblg78bsjs95 [Client.php:3682]
0793 .|    |    |    |    |    Starting session: ST-226451-nIDWXbuwTcoHmD1ksQz6-authespoleduec [Client.php:3686]
0793 .|    |    |    |    |    Restoring old session vars [Client.php:3689]
0793 .|    |    |    |    <= ''
0793 .|    |    |    <= true
0793 .|    |    |    CAS 2.0 ticket `ST-226451-nIDWXbuwTcoHmD1ksQz6-auth.espol.edu.ec' was validated [Client.php:1453]
0793 .|    |    |    => CAS_Client::getURL() [Client.php:1518]
0793 .|    |    |    <= 'http://localhost:7070/controlacCAS/web/app_dev.php/'
0793 .|    |    |    Prepare redirect to : http://localhost:7070/controlacCAS/web/app_dev.php/ [Client.php:1518]
0793 .|    |    |    => CAS_Client::getURL() [Client.php:1520]
0793 .|    |    |    <= 'http://localhost:7070/controlacCAS/web/app_dev.php/'
0793 .|    |    |    exit()
0793 .|    |    |    -
0793 .|    |    -
0793 .|    -
216E .START (2018-07-25 17:28:24) phpCAS-1.3.5 ****************** [CAS.php:468]
216E .=> phpCAS::setNoCasServerValidation() [DefaultController.php:2931]
216E .|    You have configured no validation of the legitimacy of the cas server. This is not recommended for production use. [CAS.php:1644]
216E .<= ''
216E .=> phpCAS::forceAuthentication() [DefaultController.php:2932]
216E .|    => CAS_Client::forceAuthentication() [CAS.php:1098]
216E .|    |    => CAS_Client::isAuthenticated() [Client.php:1280]
216E .|    |    |    => CAS_Client::_wasPreviouslyAuthenticated() [Client.php:1393]
216E .|    |    |    |    user = `lufezuni' [Client.php:1622]
216E .|    |    |    <= true
216E .|    |    |    user was already authenticated, no need to look for tickets [Client.php:1417]
216E .|    |    <= true
216E .|    |    no need to authenticate [Client.php:1282]
216E .|    <= true
216E .<= ''
F6B7 .START (2018-07-25 17:29:03) phpCAS-1.3.5 ****************** [CAS.php:468]
F6B7 .=> phpCAS::setNoCasServerValidation() [DefaultController.php:2931]
F6B7 .|    You have configured no validation of the legitimacy of the cas server. This is not recommended for production use. [CAS.php:1644]
F6B7 .<= ''
F6B7 .=> phpCAS::forceAuthentication() [DefaultController.php:2932]
F6B7 .|    => CAS_Client::forceAuthentication() [CAS.php:1098]
F6B7 .|    |    => CAS_Client::isAuthenticated() [Client.php:1280]
F6B7 .|    |    |    => CAS_Client::_wasPreviouslyAuthenticated() [Client.php:1393]
F6B7 .|    |    |    |    user = `lufezuni' [Client.php:1622]
F6B7 .|    |    |    <= true
F6B7 .|    |    |    user was already authenticated, no need to look for tickets [Client.php:1417]
F6B7 .|    |    <= true
F6B7 .|    |    no need to authenticate [Client.php:1282]
F6B7 .|    <= true
F6B7 .<= ''
DC19 .START (2018-07-25 17:29:08) phpCAS-1.3.5 ****************** [CAS.php:468]
DC19 .=> phpCAS::setNoCasServerValidation() [DefaultController.php:2931]
DC19 .|    You have configured no validation of the legitimacy of the cas server. This is not recommended for production use. [CAS.php:1644]
DC19 .<= ''
DC19 .=> phpCAS::forceAuthentication() [DefaultController.php:2932]
DC19 .|    => CAS_Client::forceAuthentication() [CAS.php:1098]
DC19 .|    |    => CAS_Client::isAuthenticated() [Client.php:1280]
DC19 .|    |    |    => CAS_Client::_wasPreviouslyAuthenticated() [Client.php:1393]
DC19 .|    |    |    |    user = `lufezuni' [Client.php:1622]
DC19 .|    |    |    <= true
DC19 .|    |    |    user was already authenticated, no need to look for tickets [Client.php:1417]
DC19 .|    |    <= true
DC19 .|    |    no need to authenticate [Client.php:1282]
DC19 .|    <= true
DC19 .<= ''
7A10 .START (2018-07-25 17:29:13) phpCAS-1.3.5 ****************** [CAS.php:468]
7A10 .=> phpCAS::setNoCasServerValidation() [DefaultController.php:2931]
7A10 .|    You have configured no validation of the legitimacy of the cas server. This is not recommended for production use. [CAS.php:1644]
7A10 .<= ''
7A10 .=> phpCAS::forceAuthentication() [DefaultController.php:2932]
7A10 .|    => CAS_Client::forceAuthentication() [CAS.php:1098]
7A10 .|    |    => CAS_Client::isAuthenticated() [Client.php:1280]
7A10 .|    |    |    => CAS_Client::_wasPreviouslyAuthenticated() [Client.php:1393]
7A10 .|    |    |    |    user = `lufezuni' [Client.php:1622]
7A10 .|    |    |    <= true
7A10 .|    |    |    user was already authenticated, no need to look for tickets [Client.php:1417]
7A10 .|    |    <= true
7A10 .|    |    no need to authenticate [Client.php:1282]
7A10 .|    <= true
7A10 .<= ''
D4E6 .START (2018-07-25 17:29:15) phpCAS-1.3.5 ****************** [CAS.php:468]
D4E6 .=> phpCAS::setNoCasServerValidation() [DefaultController.php:2931]
D4E6 .|    You have configured no validation of the legitimacy of the cas server. This is not recommended for production use. [CAS.php:1644]
D4E6 .<= ''
D4E6 .=> phpCAS::forceAuthentication() [DefaultController.php:2932]
D4E6 .|    => CAS_Client::forceAuthentication() [CAS.php:1098]
D4E6 .|    |    => CAS_Client::isAuthenticated() [Client.php:1280]
D4E6 .|    |    |    => CAS_Client::_wasPreviouslyAuthenticated() [Client.php:1393]
D4E6 .|    |    |    |    user = `lufezuni' [Client.php:1622]
D4E6 .|    |    |    <= true
D4E6 .|    |    |    user was already authenticated, no need to look for tickets [Client.php:1417]
D4E6 .|    |    <= true
D4E6 .|    |    no need to authenticate [Client.php:1282]
D4E6 .|    <= true
D4E6 .<= ''
02F8 .START (2018-07-25 17:29:15) phpCAS-1.3.5 ****************** [CAS.php:468]
02F8 .=> phpCAS::setNoCasServerValidation() [DefaultController.php:2931]
02F8 .|    You have configured no validation of the legitimacy of the cas server. This is not recommended for production use. [CAS.php:1644]
02F8 .<= ''
02F8 .=> phpCAS::forceAuthentication() [DefaultController.php:2932]
02F8 .|    => CAS_Client::forceAuthentication() [CAS.php:1098]
02F8 .|    |    => CAS_Client::isAuthenticated() [Client.php:1280]
02F8 .|    |    |    => CAS_Client::_wasPreviouslyAuthenticated() [Client.php:1393]
02F8 .|    |    |    |    user = `lufezuni' [Client.php:1622]
02F8 .|    |    |    <= true
02F8 .|    |    |    user was already authenticated, no need to look for tickets [Client.php:1417]
02F8 .|    |    <= true
02F8 .|    |    no need to authenticate [Client.php:1282]
02F8 .|    <= true
02F8 .<= ''
8C25 .START (2018-07-25 17:29:15) phpCAS-1.3.5 ****************** [CAS.php:468]
8C25 .=> phpCAS::setNoCasServerValidation() [DefaultController.php:2931]
8C25 .|    You have configured no validation of the legitimacy of the cas server. This is not recommended for production use. [CAS.php:1644]
8C25 .<= ''
8C25 .=> phpCAS::forceAuthentication() [DefaultController.php:2932]
8C25 .|    => CAS_Client::forceAuthentication() [CAS.php:1098]
8C25 .|    |    => CAS_Client::isAuthenticated() [Client.php:1280]
8C25 .|    |    |    => CAS_Client::_wasPreviouslyAuthenticated() [Client.php:1393]
8C25 .|    |    |    |    user = `lufezuni' [Client.php:1622]
8C25 .|    |    |    <= true
8C25 .|    |    |    user was already authenticated, no need to look for tickets [Client.php:1417]
8C25 .|    |    <= true
8C25 .|    |    no need to authenticate [Client.php:1282]
8C25 .|    <= true
8C25 .<= ''
EA4D .START (2018-07-25 17:29:16) phpCAS-1.3.5 ****************** [CAS.php:468]
EA4D .=> phpCAS::setNoCasServerValidation() [DefaultController.php:2931]
EA4D .|    You have configured no validation of the legitimacy of the cas server. This is not recommended for production use. [CAS.php:1644]
EA4D .<= ''
EA4D .=> phpCAS::forceAuthentication() [DefaultController.php:2932]
EA4D .|    => CAS_Client::forceAuthentication() [CAS.php:1098]
EA4D .|    |    => CAS_Client::isAuthenticated() [Client.php:1280]
EA4D .|    |    |    => CAS_Client::_wasPreviouslyAuthenticated() [Client.php:1393]
EA4D .|    |    |    |    user = `lufezuni' [Client.php:1622]
EA4D .|    |    |    <= true
EA4D .|    |    |    user was already authenticated, no need to look for tickets [Client.php:1417]
EA4D .|    |    <= true
EA4D .|    |    no need to authenticate [Client.php:1282]
EA4D .|    <= true
EA4D .<= ''
54B0 .START (2018-07-25 17:29:16) phpCAS-1.3.5 ****************** [CAS.php:468]
54B0 .=> phpCAS::setNoCasServerValidation() [DefaultController.php:2931]
54B0 .|    You have configured no validation of the legitimacy of the cas server. This is not recommended for production use. [CAS.php:1644]
54B0 .<= ''
54B0 .=> phpCAS::forceAuthentication() [DefaultController.php:2932]
54B0 .|    => CAS_Client::forceAuthentication() [CAS.php:1098]
54B0 .|    |    => CAS_Client::isAuthenticated() [Client.php:1280]
54B0 .|    |    |    => CAS_Client::_wasPreviouslyAuthenticated() [Client.php:1393]
54B0 .|    |    |    |    user = `lufezuni' [Client.php:1622]
54B0 .|    |    |    <= true
54B0 .|    |    |    user was already authenticated, no need to look for tickets [Client.php:1417]
54B0 .|    |    <= true
54B0 .|    |    no need to authenticate [Client.php:1282]
54B0 .|    <= true
54B0 .<= ''
93A6 .START (2018-07-25 17:29:16) phpCAS-1.3.5 ****************** [CAS.php:468]
93A6 .=> phpCAS::setNoCasServerValidation() [DefaultController.php:2931]
93A6 .|    You have configured no validation of the legitimacy of the cas server. This is not recommended for production use. [CAS.php:1644]
93A6 .<= ''
93A6 .=> phpCAS::forceAuthentication() [DefaultController.php:2932]
93A6 .|    => CAS_Client::forceAuthentication() [CAS.php:1098]
93A6 .|    |    => CAS_Client::isAuthenticated() [Client.php:1280]
93A6 .|    |    |    => CAS_Client::_wasPreviouslyAuthenticated() [Client.php:1393]
93A6 .|    |    |    |    user = `lufezuni' [Client.php:1622]
93A6 .|    |    |    <= true
93A6 .|    |    |    user was already authenticated, no need to look for tickets [Client.php:1417]
93A6 .|    |    <= true
93A6 .|    |    no need to authenticate [Client.php:1282]
93A6 .|    <= true
93A6 .<= ''
